The target system is: Generic - 1 - Cortex-M3
The host system is: Windows - 10.0.22621 - AMD64
Compiling the C compiler identification source file "CMakeCCompilerId.c" succeeded.
Compiler: E:/Development/Eclipse/keilarm/ARM/ARMCLANG/bin/armclang.exe 
Build flags: --target=arm-arm-none-eabi;-mcpu=Cortex-M3;;;;;-xc;-std=c99;-fno-rtti;-funsigned-char;-fshort-enums;-fshort-wchar;;;;;-gdwarf-3;-Oz;-ffunction-sections;-w
Id flags:  

The output was:
0


Compilation of the C compiler identification source "CMakeCCompilerId.c" produced "a.out"

The C compiler identification is ARMClang, found in "C:/Users/ijink/OneDrive/FruitAuto/3.Software/YuriPre/yuripre_c6_armcc/cmake-build-debug/CMakeFiles/3.21.1/CompilerIdC/a.out"

Compiling the CXX compiler identification source file "CMakeCXXCompilerId.cpp" succeeded.
Compiler: E:/Development/Eclipse/keilarm/ARM/ARMCLANG/bin/armclang.exe 
Build flags: 
Id flags: --target=arm-arm-none-eabi;-mcpu=cortex-m3 

The output was:
0


Compilation of the CXX compiler identification source "CMakeCXXCompilerId.cpp" produced "a.out"

The CXX compiler identification is ARMClang, found in "C:/Users/ijink/OneDrive/FruitAuto/3.Software/YuriPre/yuripre_c6_armcc/cmake-build-debug/CMakeFiles/3.21.1/CompilerIdCXX/a.out"

Checking whether the ASM compiler is ARMClang using "--version" matched "armclang":
Product: MDK Plus 5.36
Component: ARM Compiler 6.16
Tool: armclang [5dfeb700]

Target: unspecified-arm-none-unspecified
