*** Using Compiler 'V5.06 update 7 (build 960)', folder: 'E:\Development\Eclipse\KeilArm\ARM\ARMCC\Bin'
Build target 'YuriPre_c6t6a'
assembling startup_stm32f103x6.s...
compiling stm32f1xx_hal_msp.c...
compiling stm32f1xx_hal_gpio_ex.c...
compiling adc.c...
compiling stm32f1xx_it.c...
compiling i2c.c...
compiling dma.c...
compiling gpio.c...
compiling usart.c...
compiling tim.c...
compiling main.c...
compiling stm32f1xx_hal_adc.c...
compiling stm32f1xx_hal_rcc.c...
compiling stm32f1xx_hal.c...
compiling stm32f1xx_hal_adc_ex.c...
compiling stm32f1xx_hal_flash.c...
compiling stm32f1xx_hal_rcc_ex.c...
compiling stm32f1xx_hal_dma.c...
compiling stm32f1xx_hal_cortex.c...
compiling stm32f1xx_hal_flash_ex.c...
compiling stm32f1xx_hal_gpio.c...
compiling stm32f1xx_hal_pwr.c...
compiling stm32f1xx_hal_exti.c...
compiling system_stm32f1xx.c...
compiling yuri_sensor.c...
compiling stm32f1xx_hal_tim_ex.c...
compiling stm32f1xx_hal_uart.c...
compiling stm32f1xx_hal_tim.c...
compiling stm32f1xx_hal_i2c.c...
linking...
Program Size: Code=10660 RO-data=292 RW-data=32 ZI-data=2200  
FromELF: creating hex file...
"YuriPre_c6t6a\YuriPre_c6t6a.axf" - 0 Error(s), 0 Warning(s).
Build Time Elapsed:  00:00:04
